<?xml version="1.0" encoding="UTF-8"?>
<!-- Generated by org.testng.reporters.JUnitXMLReporter -->
<testsuite ignored="0" hostname="Ishans-MacBook-Pro.local" failures="0" tests="28" name="EmployeesRestAPITest" time="30.791" errors="0" timestamp="2022-01-21T12:22:14 IST">
  <testcase classname="com.api.testcases.TC001_Get_All_Users" name="checkContentType" time="0.008"/>
  <testcase classname="com.api.testcases.TC001_Get_All_Users" name="checkCookies" time="0.003"/>
  <testcase classname="com.api.testcases.TC001_Get_All_Users" name="checkResponseTime" time="0.002"/>
  <testcase classname="com.api.testcases.TC001_Get_All_Users" name="checkResposeBody" time="0.052"/>
  <testcase classname="com.api.testcases.TC001_Get_All_Users" name="checkStatusCode" time="0.001"/>
  <testcase classname="com.api.testcases.TC001_Get_All_Users" name="checkcontentEncoding" time="0.004"/>
  <testcase classname="com.api.testcases.TC001_Get_All_Users" name="checkserverType" time="0.002"/>
  <testcase classname="com.api.testcases.TC001_Get_All_Users" name="checkstatusLine" time="0.005"/>
  <testcase classname="com.api.testcases.TC002_Get_Single_User" name="checkContentType" time="0.014"/>
  <testcase classname="com.api.testcases.TC002_Get_Single_User" name="checkResponseTime" time="0.002"/>
  <testcase classname="com.api.testcases.TC002_Get_Single_User" name="checkResposeBody" time="0.002"/>
  <testcase classname="com.api.testcases.TC002_Get_Single_User" name="checkStatusCode" time="0.001"/>
  <testcase classname="com.api.testcases.TC002_Get_Single_User" name="checkserverType" time="0.001"/>
  <testcase classname="com.api.testcases.TC002_Get_Single_User" name="checkstatusLine" time="0.006"/>
  <testcase classname="com.api.testcases.TC003_Post_User_Record" name="checkContentType" time="0.01"/>
  <testcase classname="com.api.testcases.TC003_Post_User_Record" name="checkResposeBody" time="0.001"/>
  <testcase classname="com.api.testcases.TC003_Post_User_Record" name="checkStatusCode" time="0.004"/>
  <testcase classname="com.api.testcases.TC003_Post_User_Record" name="checkserverType" time="0.001"/>
  <testcase classname="com.api.testcases.TC003_Post_User_Record" name="checkstatusLine" time="0.002"/>
  <testcase classname="com.api.testcases.TC004_Put_Update_User_Record" name="checkContentType" time="0.005"/>
  <testcase classname="com.api.testcases.TC004_Put_Update_User_Record" name="checkResposeBody" time="0.003"/>
  <testcase classname="com.api.testcases.TC004_Put_Update_User_Record" name="checkStatusCode" time="0.002"/>
  <testcase classname="com.api.testcases.TC004_Put_Update_User_Record" name="checkserverType" time="0.0"/>
  <testcase classname="com.api.testcases.TC004_Put_Update_User_Record" name="checkstatusLine" time="0.001"/>
  <testcase classname="com.api.testcases.TC005_Delete_User_Record" name="checkResposeBody" time="0.022"/>
  <testcase classname="com.api.testcases.TC005_Delete_User_Record" name="checkStatusCode" time="0.004"/>
  <testcase classname="com.api.testcases.TC005_Delete_User_Record" name="checkserverType" time="0.0"/>
  <testcase classname="com.api.testcases.TC005_Delete_User_Record" name="checkstatusLine" time="0.0"/>
</testsuite> <!-- EmployeesRestAPITest -->
