<?xml version="1.0" encoding="UTF-8"?>
<!-- Generated by org.testng.reporters.JUnitXMLReporter -->
<testsuite ignored="0" hostname="Ishans-MacBook-Pro.local" failures="0" tests="3" name="Default test" time="8.907" errors="0" timestamp="2022-01-20T20:47:37 IST">
  <testcase classname="DataDrivenAPITesting.DDT_TC_001_POST_Add_New_Users" name="postNewUsers" time="3.721"/>
  <testcase classname="DataDrivenAPITesting.DDT_TC_001_POST_Add_New_Users" name="postNewUsers" time="2.1"/>
  <testcase classname="DataDrivenAPITesting.DDT_TC_001_POST_Add_New_Users" name="postNewUsers" time="2.648"/>
</testsuite> <!-- Default test -->
