<?xml version="1.0" encoding="UTF-8"?>
<!-- Generated by org.testng.reporters.JUnitXMLReporter -->
<testsuite ignored="0" hostname="Ishans-MacBook-Pro.local" failures="0" tests="4" name="Default test" time="7.988" errors="0" timestamp="2022-01-21T12:08:22 IST">
  <testcase classname="com.api.testcases.TC005_Delete_User_Record" name="checkResposeBody" time="0.019"/>
  <testcase classname="com.api.testcases.TC005_Delete_User_Record" name="checkStatusCode" time="0.002"/>
  <testcase classname="com.api.testcases.TC005_Delete_User_Record" name="checkserverType" time="0.001"/>
  <testcase classname="com.api.testcases.TC005_Delete_User_Record" name="checkstatusLine" time="0.003"/>
</testsuite> <!-- Default test -->
