<?xml version="1.0" encoding="UTF-8"?>
<testsuite xmlns:xsi="http://www.w3.org/2001/XMLSchema-instance" xsi:noNamespaceSchemaLocation="https://maven.apache.org/surefire/maven-surefire-plugin/xsd/surefire-test-report-3.0.xsd" version="3.0" name="TestSuite" time="27.086" tests="28" errors="0" skipped="0" failures="0">
  <properties>
[...]
</properties>
  <testcase name="checkContentType" classname="com.api.testcases.TC001_Get_All_Users" time="0.002">
    <system-out><![CDATA[2022-01-21 12:26:00 INFO  Reqres Users API:35 - *********Started TC001_Get_All_Users **********
2022-01-21 12:26:01 INFO  Reqres Users API:98 - ***********  Checking Content Type **********
2022-01-21 12:26:01 INFO  Reqres Users API:101 - Content type is ==>application/json; charset=utf-8
]]></system-out>
    <system-err><![CDATA[log4j:ERROR Could not find value for key log4j.appender.DEBUG
log4j:ERROR Could not instantiate appender named "DEBUG".
SLF4J: Failed to load class "org.slf4j.impl.StaticLoggerBinder".
SLF4J: Defaulting to no-operation (NOP) logger implementation
SLF4J: See http://www.slf4j.org/codes.html#StaticLoggerBinder for further details.
]]></system-err>
  </testcase>
  <testcase name="checkCookies" classname="com.api.testcases.TC001_Get_All_Users" time="0">
    <system-out><![CDATA[2022-01-21 12:26:01 INFO  Reqres Users API:146 - ***********  Checking Cookies **********
]]></system-out>
  </testcase>
  <testcase name="checkResponseTime" classname="com.api.testcases.TC001_Get_All_Users" time="0.001">
    <system-out><![CDATA[2022-01-21 12:26:01 INFO  Reqres Users API:69 - ***********  Checking Response Time **********
2022-01-21 12:26:01 INFO  Reqres Users API:72 - Response Time is ==>1161
]]></system-out>
  </testcase>
  <testcase name="checkResposeBody" classname="com.api.testcases.TC001_Get_All_Users" time="0.008">
    <system-out><![CDATA[2022-01-21 12:26:01 INFO  Reqres Users API:47 - ***********  Checking Respose Body **********
2022-01-21 12:26:01 INFO  Reqres Users API:50 - Response Body==>{"page":1,"per_page":6,"total":12,"total_pages":2,"data":[{"id":1,"email":"george.bluth@reqres.in","first_name":"George","last_name":"Bluth","avatar":"https://reqres.in/img/faces/1-image.jpg"},{"id":2,"email":"janet.weaver@reqres.in","first_name":"Janet","last_name":"Weaver","avatar":"https://reqres.in/img/faces/2-image.jpg"},{"id":3,"email":"emma.wong@reqres.in","first_name":"Emma","last_name":"Wong","avatar":"https://reqres.in/img/faces/3-image.jpg"},{"id":4,"email":"eve.holt@reqres.in","first_name":"Eve","last_name":"Holt","avatar":"https://reqres.in/img/faces/4-image.jpg"},{"id":5,"email":"charles.morris@reqres.in","first_name":"Charles","last_name":"Morris","avatar":"https://reqres.in/img/faces/5-image.jpg"},{"id":6,"email":"tracey.ramos@reqres.in","first_name":"Tracey","last_name":"Ramos","avatar":"https://reqres.in/img/faces/6-image.jpg"}],"support":{"url":"https://reqres.in/#support-heading","text":"To keep ReqRes free, contributions towards server costs are appreciated!"}}
]]></system-out>
  </testcase>
  <testcase name="checkStatusCode" classname="com.api.testcases.TC001_Get_All_Users" time="0">
    <system-out><![CDATA[2022-01-21 12:26:01 INFO  Reqres Users API:58 - ***********  Checking Status Code **********
2022-01-21 12:26:01 INFO  Reqres Users API:61 - Status Code is ==>200
]]></system-out>
  </testcase>
  <testcase name="checkcontentEncoding" classname="com.api.testcases.TC001_Get_All_Users" time="0.001">
    <system-out><![CDATA[2022-01-21 12:26:01 INFO  Reqres Users API:119 - ***********  Checking Content Encoding**********
2022-01-21 12:26:01 INFO  Reqres Users API:122 - Content Encoding is==>gzip
]]></system-out>
  </testcase>
  <testcase name="checkserverType" classname="com.api.testcases.TC001_Get_All_Users" time="0">
    <system-out><![CDATA[2022-01-21 12:26:01 INFO  Reqres Users API:108 - ***********  Checking Server Type **********
2022-01-21 12:26:01 INFO  Reqres Users API:111 - Server Type is =>cloudflare
]]></system-out>
  </testcase>
  <testcase name="checkstatusLine" classname="com.api.testcases.TC001_Get_All_Users" time="0.001">
    <system-out><![CDATA[2022-01-21 12:26:01 INFO  Reqres Users API:85 - ***********  Checking Status Line **********
2022-01-21 12:26:01 INFO  Reqres Users API:88 - Status Line is ==>HTTP/1.1 200 OK
]]></system-out>
  </testcase>
  <testcase name="checkContentType" classname="com.api.testcases.TC002_Get_Single_User" time="0">
    <system-out><![CDATA[2022-01-21 12:26:01 INFO  Reqres Users API:155 - *********  Finished TC001_Get_All_Employees **********
2022-01-21 12:26:01 INFO  Reqres Users API:35 - *********Started TC002_Get_Single_User_Record **********
]]></system-out>
    <system-err><![CDATA[log4j:ERROR Could not find value for key log4j.appender.DEBUG
log4j:ERROR Could not instantiate appender named "DEBUG".
]]></system-err>
  </testcase>
  <testcase name="checkResponseTime" classname="com.api.testcases.TC002_Get_Single_User" time="0.001"/>
  <testcase name="checkResposeBody" classname="com.api.testcases.TC002_Get_Single_User" time="0.002">
    <system-out><![CDATA[Response Body is:  {"data":{"id":5,"email":"charles.morris@reqres.in","first_name":"Charles","last_name":"Morris","avatar":"https://reqres.in/img/faces/5-image.jpg"},"support":{"url":"https://reqres.in/#support-heading","text":"To keep ReqRes free, contributions towards server costs are appreciated!"}}
]]></system-out>
  </testcase>
  <testcase name="checkStatusCode" classname="com.api.testcases.TC002_Get_Single_User" time="0.003"/>
  <testcase name="checkserverType" classname="com.api.testcases.TC002_Get_Single_User" time="0"/>
  <testcase name="checkstatusLine" classname="com.api.testcases.TC002_Get_Single_User" time="0.001"/>
  <testcase name="checkContentType" classname="com.api.testcases.TC003_Post_User_Record" time="0">
    <system-out><![CDATA[2022-01-21 12:26:09 INFO  Reqres Users API:99 - *********  Finished TC002_Get_Single_Employee_Record **********
2022-01-21 12:26:09 INFO  Reqres Users API:41 - *********Started TC003_Post_User_Record **********
]]></system-out>
    <system-err><![CDATA[log4j:ERROR Could not find value for key log4j.appender.DEBUG
log4j:ERROR Could not instantiate appender named "DEBUG".
]]></system-err>
  </testcase>
  <testcase name="checkResposeBody" classname="com.api.testcases.TC003_Post_User_Record" time="0.001">
    <system-out><![CDATA[{"name":"Johni","job":"LeaderrcgCH","id":"63","createdAt":"2022-01-21T06:56:10.714Z"}
]]></system-out>
  </testcase>
  <testcase name="checkStatusCode" classname="com.api.testcases.TC003_Post_User_Record" time="0"/>
  <testcase name="checkserverType" classname="com.api.testcases.TC003_Post_User_Record" time="0"/>
  <testcase name="checkstatusLine" classname="com.api.testcases.TC003_Post_User_Record" time="0"/>
  <testcase name="checkContentType" classname="com.api.testcases.TC004_Put_Update_User_Record" time="0">
    <system-out><![CDATA[2022-01-21 12:26:16 INFO  Reqres Users API:107 - *********  Finished TC003_Post_User_Record **********
2022-01-21 12:26:16 INFO  Reqres Users API:41 - *********Started TC004_PUT_User_Record **********
]]></system-out>
    <system-err><![CDATA[log4j:ERROR Could not find value for key log4j.appender.DEBUG
log4j:ERROR Could not instantiate appender named "DEBUG".
]]></system-err>
  </testcase>
  <testcase name="checkResposeBody" classname="com.api.testcases.TC004_Put_Update_User_Record" time="0.001">
    <system-out><![CDATA[{"name":"JohnN","job":"LeaderZgXrP","updatedAt":"2022-01-21T06:56:17.226Z"}
]]></system-out>
  </testcase>
  <testcase name="checkStatusCode" classname="com.api.testcases.TC004_Put_Update_User_Record" time="0"/>
  <testcase name="checkserverType" classname="com.api.testcases.TC004_Put_Update_User_Record" time="0.001"/>
  <testcase name="checkstatusLine" classname="com.api.testcases.TC004_Put_Update_User_Record" time="0.001"/>
  <testcase name="checkResposeBody" classname="com.api.testcases.TC005_Delete_User_Record" time="0.002">
    <system-out><![CDATA[2022-01-21 12:26:22 INFO  Reqres Users API:107 - *********  Finished TC004_PUT_User_Record **********
2022-01-21 12:26:22 INFO  Reqres Users API:39 - *********Started TC005_Delete_Employee_Record **********
]]></system-out>
    <system-err><![CDATA[log4j:ERROR Could not find value for key log4j.appender.DEBUG
log4j:ERROR Could not instantiate appender named "DEBUG".
]]></system-err>
  </testcase>
  <testcase name="checkStatusCode" classname="com.api.testcases.TC005_Delete_User_Record" time="0"/>
  <testcase name="checkserverType" classname="com.api.testcases.TC005_Delete_User_Record" time="0"/>
  <testcase name="checkstatusLine" classname="com.api.testcases.TC005_Delete_User_Record" time="0"/>
</testsuite>