<?xml version="1.0" encoding="UTF-8"?>
<testng-results ignored="0" total="28" passed="28" failed="0" skipped="0">
  <reporter-output>
  </reporter-output>
  <suite started-at="2022-01-21T12:26:00 IST" name="UsersRestAPISuite" finished-at="2022-01-21T12:26:27 IST" duration-ms="26668">
    <groups>
    </groups>
    <test started-at="2022-01-21T12:26:00 IST" name="EmployeesRestAPITest" finished-at="2022-01-21T12:26:27 IST" duration-ms="26668">
      <class name="com.api.testcases.TC004_Put_Update_User_Record">
        <test-method is-config="true" signature="setup()[pri:0, instance:com.api.testcases.TC004_Put_Update_User_Record@363ee3a2]" started-at="2022-01-21T12:26:16 IST" name="setup" finished-at="2022-01-21T12:26:16 IST" duration-ms="3" status="PASS">
          <reporter-output>
          </reporter-output>
        </test-method> <!-- setup -->
        <test-method is-config="true" signature="createUser()[pri:0, instance:com.api.testcases.TC004_Put_Update_User_Record@363ee3a2]" started-at="2022-01-21T12:26:16 IST" name="createUser" finished-at="2022-01-21T12:26:22 IST" duration-ms="5847" status="PASS">
          <reporter-output>
          </reporter-output>
        </test-method> <!-- createUser -->
        <test-method signature="checkContentType()[pri:0, instance:com.api.testcases.TC004_Put_Update_User_Record@363ee3a2]" started-at="2022-01-21T12:26:22 IST" name="checkContentType" finished-at="2022-01-21T12:26:22 IST" duration-ms="1" status="PASS">
          <reporter-output>
          </reporter-output>
        </test-method> <!-- checkContentType -->
        <test-method signature="checkResposeBody()[pri:0, instance:com.api.testcases.TC004_Put_Update_User_Record@363ee3a2]" started-at="2022-01-21T12:26:22 IST" name="checkResposeBody" finished-at="2022-01-21T12:26:22 IST" duration-ms="1" status="PASS">
          <reporter-output>
          </reporter-output>
        </test-method> <!-- checkResposeBody -->
        <test-method signature="checkStatusCode()[pri:0, instance:com.api.testcases.TC004_Put_Update_User_Record@363ee3a2]" started-at="2022-01-21T12:26:22 IST" name="checkStatusCode" finished-at="2022-01-21T12:26:22 IST" duration-ms="0" status="PASS">
          <reporter-output>
          </reporter-output>
        </test-method> <!-- checkStatusCode -->
        <test-method signature="checkserverType()[pri:0, instance:com.api.testcases.TC004_Put_Update_User_Record@363ee3a2]" started-at="2022-01-21T12:26:22 IST" name="checkserverType" finished-at="2022-01-21T12:26:22 IST" duration-ms="0" status="PASS">
          <reporter-output>
          </reporter-output>
        </test-method> <!-- checkserverType -->
        <test-method signature="checkstatusLine()[pri:0, instance:com.api.testcases.TC004_Put_Update_User_Record@363ee3a2]" started-at="2022-01-21T12:26:22 IST" name="checkstatusLine" finished-at="2022-01-21T12:26:22 IST" duration-ms="0" status="PASS">
          <reporter-output>
          </reporter-output>
        </test-method> <!-- checkstatusLine -->
        <test-method is-config="true" signature="tearDown()[pri:0, instance:com.api.testcases.TC004_Put_Update_User_Record@363ee3a2]" started-at="2022-01-21T12:26:22 IST" name="tearDown" finished-at="2022-01-21T12:26:22 IST" duration-ms="2" status="PASS">
          <reporter-output>
          </reporter-output>
        </test-method> <!-- tearDown -->
      </class> <!-- com.api.testcases.TC004_Put_Update_User_Record -->
      <class name="com.api.testcases.TC003_Post_User_Record">
        <test-method is-config="true" signature="setup()[pri:0, instance:com.api.testcases.TC003_Post_User_Record@4386f16]" started-at="2022-01-21T12:26:09 IST" name="setup" finished-at="2022-01-21T12:26:09 IST" duration-ms="3" status="PASS">
          <reporter-output>
          </reporter-output>
        </test-method> <!-- setup -->
        <test-method is-config="true" signature="createUser()[pri:0, instance:com.api.testcases.TC003_Post_User_Record@4386f16]" started-at="2022-01-21T12:26:09 IST" name="createUser" finished-at="2022-01-21T12:26:16 IST" duration-ms="6501" status="PASS">
          <reporter-output>
          </reporter-output>
        </test-method> <!-- createUser -->
        <test-method signature="checkContentType()[pri:0, instance:com.api.testcases.TC003_Post_User_Record@4386f16]" started-at="2022-01-21T12:26:16 IST" name="checkContentType" finished-at="2022-01-21T12:26:16 IST" duration-ms="0" status="PASS">
          <reporter-output>
          </reporter-output>
        </test-method> <!-- checkContentType -->
        <test-method signature="checkResposeBody()[pri:0, instance:com.api.testcases.TC003_Post_User_Record@4386f16]" started-at="2022-01-21T12:26:16 IST" name="checkResposeBody" finished-at="2022-01-21T12:26:16 IST" duration-ms="1" status="PASS">
          <reporter-output>
          </reporter-output>
        </test-method> <!-- checkResposeBody -->
        <test-method signature="checkStatusCode()[pri:0, instance:com.api.testcases.TC003_Post_User_Record@4386f16]" started-at="2022-01-21T12:26:16 IST" name="checkStatusCode" finished-at="2022-01-21T12:26:16 IST" duration-ms="0" status="PASS">
          <reporter-output>
          </reporter-output>
        </test-method> <!-- checkStatusCode -->
        <test-method signature="checkserverType()[pri:0, instance:com.api.testcases.TC003_Post_User_Record@4386f16]" started-at="2022-01-21T12:26:16 IST" name="checkserverType" finished-at="2022-01-21T12:26:16 IST" duration-ms="1" status="PASS">
          <reporter-output>
          </reporter-output>
        </test-method> <!-- checkserverType -->
        <test-method signature="checkstatusLine()[pri:0, instance:com.api.testcases.TC003_Post_User_Record@4386f16]" started-at="2022-01-21T12:26:16 IST" name="checkstatusLine" finished-at="2022-01-21T12:26:16 IST" duration-ms="0" status="PASS">
          <reporter-output>
          </reporter-output>
        </test-method> <!-- checkstatusLine -->
        <test-method is-config="true" signature="tearDown()[pri:0, instance:com.api.testcases.TC003_Post_User_Record@4386f16]" started-at="2022-01-21T12:26:16 IST" name="tearDown" finished-at="2022-01-21T12:26:16 IST" duration-ms="1" status="PASS">
          <reporter-output>
          </reporter-output>
        </test-method> <!-- tearDown -->
      </class> <!-- com.api.testcases.TC003_Post_User_Record -->
      <class name="com.api.testcases.TC002_Get_Single_User">
        <test-method is-config="true" signature="setup()[pri:0, instance:com.api.testcases.TC002_Get_Single_User@5cee5251]" started-at="2022-01-21T12:26:01 IST" name="setup" finished-at="2022-01-21T12:26:01 IST" duration-ms="1" status="PASS">
          <reporter-output>
          </reporter-output>
        </test-method> <!-- setup -->
        <test-method is-config="true" signature="getEmployeeData()[pri:0, instance:com.api.testcases.TC002_Get_Single_User@5cee5251]" started-at="2022-01-21T12:26:01 IST" name="getEmployeeData" finished-at="2022-01-21T12:26:09 IST" duration-ms="7781" status="PASS">
          <reporter-output>
          </reporter-output>
        </test-method> <!-- getEmployeeData -->
        <test-method signature="checkContentType()[pri:0, instance:com.api.testcases.TC002_Get_Single_User@5cee5251]" started-at="2022-01-21T12:26:09 IST" name="checkContentType" finished-at="2022-01-21T12:26:09 IST" duration-ms="1" status="PASS">
          <reporter-output>
          </reporter-output>
        </test-method> <!-- checkContentType -->
        <test-method signature="checkResponseTime()[pri:0, instance:com.api.testcases.TC002_Get_Single_User@5cee5251]" started-at="2022-01-21T12:26:09 IST" name="checkResponseTime" finished-at="2022-01-21T12:26:09 IST" duration-ms="1" status="PASS">
          <reporter-output>
          </reporter-output>
        </test-method> <!-- checkResponseTime -->
        <test-method signature="checkResposeBody()[pri:0, instance:com.api.testcases.TC002_Get_Single_User@5cee5251]" started-at="2022-01-21T12:26:09 IST" name="checkResposeBody" finished-at="2022-01-21T12:26:09 IST" duration-ms="1" status="PASS">
          <reporter-output>
          </reporter-output>
        </test-method> <!-- checkResposeBody -->
        <test-method signature="checkStatusCode()[pri:0, instance:com.api.testcases.TC002_Get_Single_User@5cee5251]" started-at="2022-01-21T12:26:09 IST" name="checkStatusCode" finished-at="2022-01-21T12:26:09 IST" duration-ms="0" status="PASS">
          <reporter-output>
          </reporter-output>
        </test-method> <!-- checkStatusCode -->
        <test-method signature="checkserverType()[pri:0, instance:com.api.testcases.TC002_Get_Single_User@5cee5251]" started-at="2022-01-21T12:26:09 IST" name="checkserverType" finished-at="2022-01-21T12:26:09 IST" duration-ms="0" status="PASS">
          <reporter-output>
          </reporter-output>
        </test-method> <!-- checkserverType -->
        <test-method signature="checkstatusLine()[pri:0, instance:com.api.testcases.TC002_Get_Single_User@5cee5251]" started-at="2022-01-21T12:26:09 IST" name="checkstatusLine" finished-at="2022-01-21T12:26:09 IST" duration-ms="0" status="PASS">
          <reporter-output>
          </reporter-output>
        </test-method> <!-- checkstatusLine -->
        <test-method is-config="true" signature="tearDown()[pri:0, instance:com.api.testcases.TC002_Get_Single_User@5cee5251]" started-at="2022-01-21T12:26:09 IST" name="tearDown" finished-at="2022-01-21T12:26:09 IST" duration-ms="1" status="PASS">
          <reporter-output>
          </reporter-output>
        </test-method> <!-- tearDown -->
      </class> <!-- com.api.testcases.TC002_Get_Single_User -->
      <class name="com.api.testcases.TC001_Get_All_Users">
        <test-method is-config="true" signature="setup()[pri:0, instance:com.api.testcases.TC001_Get_All_Users@794cb805]" started-at="2022-01-21T12:26:00 IST" name="setup" finished-at="2022-01-21T12:26:00 IST" duration-ms="12" status="PASS">
          <reporter-output>
          </reporter-output>
        </test-method> <!-- setup -->
        <test-method is-config="true" signature="getAllEmployees()[pri:0, instance:com.api.testcases.TC001_Get_All_Users@794cb805]" started-at="2022-01-21T12:26:00 IST" name="getAllEmployees" finished-at="2022-01-21T12:26:01 IST" duration-ms="1532" status="PASS">
          <reporter-output>
          </reporter-output>
        </test-method> <!-- getAllEmployees -->
        <test-method signature="checkContentType()[pri:0, instance:com.api.testcases.TC001_Get_All_Users@794cb805]" started-at="2022-01-21T12:26:01 IST" name="checkContentType" finished-at="2022-01-21T12:26:01 IST" duration-ms="2" status="PASS">
          <reporter-output>
          </reporter-output>
        </test-method> <!-- checkContentType -->
        <test-method signature="checkCookies()[pri:0, instance:com.api.testcases.TC001_Get_All_Users@794cb805]" started-at="2022-01-21T12:26:01 IST" name="checkCookies" finished-at="2022-01-21T12:26:01 IST" duration-ms="0" status="PASS">
          <reporter-output>
          </reporter-output>
        </test-method> <!-- checkCookies -->
        <test-method signature="checkResponseTime()[pri:0, instance:com.api.testcases.TC001_Get_All_Users@794cb805]" started-at="2022-01-21T12:26:01 IST" name="checkResponseTime" finished-at="2022-01-21T12:26:01 IST" duration-ms="1" status="PASS">
          <reporter-output>
          </reporter-output>
        </test-method> <!-- checkResponseTime -->
        <test-method signature="checkResposeBody()[pri:0, instance:com.api.testcases.TC001_Get_All_Users@794cb805]" started-at="2022-01-21T12:26:01 IST" name="checkResposeBody" finished-at="2022-01-21T12:26:01 IST" duration-ms="7" status="PASS">
          <reporter-output>
          </reporter-output>
        </test-method> <!-- checkResposeBody -->
        <test-method signature="checkStatusCode()[pri:0, instance:com.api.testcases.TC001_Get_All_Users@794cb805]" started-at="2022-01-21T12:26:01 IST" name="checkStatusCode" finished-at="2022-01-21T12:26:01 IST" duration-ms="1" status="PASS">
          <reporter-output>
          </reporter-output>
        </test-method> <!-- checkStatusCode -->
        <test-method signature="checkcontentEncoding()[pri:0, instance:com.api.testcases.TC001_Get_All_Users@794cb805]" started-at="2022-01-21T12:26:01 IST" name="checkcontentEncoding" finished-at="2022-01-21T12:26:01 IST" duration-ms="0" status="PASS">
          <reporter-output>
          </reporter-output>
        </test-method> <!-- checkcontentEncoding -->
        <test-method signature="checkserverType()[pri:0, instance:com.api.testcases.TC001_Get_All_Users@794cb805]" started-at="2022-01-21T12:26:01 IST" name="checkserverType" finished-at="2022-01-21T12:26:01 IST" duration-ms="0" status="PASS">
          <reporter-output>
          </reporter-output>
        </test-method> <!-- checkserverType -->
        <test-method signature="checkstatusLine()[pri:0, instance:com.api.testcases.TC001_Get_All_Users@794cb805]" started-at="2022-01-21T12:26:01 IST" name="checkstatusLine" finished-at="2022-01-21T12:26:01 IST" duration-ms="1" status="PASS">
          <reporter-output>
          </reporter-output>
        </test-method> <!-- checkstatusLine -->
        <test-method is-config="true" signature="tearDown()[pri:0, instance:com.api.testcases.TC001_Get_All_Users@794cb805]" started-at="2022-01-21T12:26:01 IST" name="tearDown" finished-at="2022-01-21T12:26:01 IST" duration-ms="0" status="PASS">
          <reporter-output>
          </reporter-output>
        </test-method> <!-- tearDown -->
      </class> <!-- com.api.testcases.TC001_Get_All_Users -->
      <class name="com.api.testcases.TC005_Delete_User_Record">
        <test-method is-config="true" signature="setup()[pri:0, instance:com.api.testcases.TC005_Delete_User_Record@4690b489]" started-at="2022-01-21T12:26:22 IST" name="setup" finished-at="2022-01-21T12:26:22 IST" duration-ms="3" status="PASS">
          <reporter-output>
          </reporter-output>
        </test-method> <!-- setup -->
        <test-method is-config="true" signature="deleteEmployee()[pri:0, instance:com.api.testcases.TC005_Delete_User_Record@4690b489]" started-at="2022-01-21T12:26:22 IST" name="deleteEmployee" finished-at="2022-01-21T12:26:26 IST" duration-ms="4852" status="PASS">
          <reporter-output>
          </reporter-output>
        </test-method> <!-- deleteEmployee -->
        <test-method signature="checkResposeBody()[pri:0, instance:com.api.testcases.TC005_Delete_User_Record@4690b489]" started-at="2022-01-21T12:26:26 IST" name="checkResposeBody" finished-at="2022-01-21T12:26:26 IST" duration-ms="3" status="PASS">
          <reporter-output>
          </reporter-output>
        </test-method> <!-- checkResposeBody -->
        <test-method signature="checkStatusCode()[pri:0, instance:com.api.testcases.TC005_Delete_User_Record@4690b489]" started-at="2022-01-21T12:26:26 IST" name="checkStatusCode" finished-at="2022-01-21T12:26:26 IST" duration-ms="1" status="PASS">
          <reporter-output>
          </reporter-output>
        </test-method> <!-- checkStatusCode -->
        <test-method signature="checkserverType()[pri:0, instance:com.api.testcases.TC005_Delete_User_Record@4690b489]" started-at="2022-01-21T12:26:26 IST" name="checkserverType" finished-at="2022-01-21T12:26:26 IST" duration-ms="1" status="PASS">
          <reporter-output>
          </reporter-output>
        </test-method> <!-- checkserverType -->
        <test-method signature="checkstatusLine()[pri:0, instance:com.api.testcases.TC005_Delete_User_Record@4690b489]" started-at="2022-01-21T12:26:27 IST" name="checkstatusLine" finished-at="2022-01-21T12:26:27 IST" duration-ms="0" status="PASS">
          <reporter-output>
          </reporter-output>
        </test-method> <!-- checkstatusLine -->
        <test-method is-config="true" signature="tearDown()[pri:0, instance:com.api.testcases.TC005_Delete_User_Record@4690b489]" started-at="2022-01-21T12:26:27 IST" name="tearDown" finished-at="2022-01-21T12:26:27 IST" duration-ms="1" status="PASS">
          <reporter-output>
          </reporter-output>
        </test-method> <!-- tearDown -->
      </class> <!-- com.api.testcases.TC005_Delete_User_Record -->
    </test> <!-- EmployeesRestAPITest -->
  </suite> <!-- UsersRestAPISuite -->
</testng-results>
